/usr/share/java/javaforce.jar
/usr/share/java/bouncycastle.jar
/usr/share/java/filters.jar
/usr/bin/jbus-call
/usr/bin/jbus-client
/usr/bin/jfs
/usr/bin/jfr
/usr/bin/pngalpha
/usr/bin/jf-update-desktop-database
/usr/bin/jsudo
/usr/bin/jsudo-ask
/usr/bin/jopen
/usr/bin/jsmbget
/usr/bin/jservice
/usr/bin/jfuse-smb
/usr/bin/jfuse-ftp
/usr/bin/jfuse-ftps
/usr/bin/jfuse-sftp
/usr/bin/jfuse-zip
/usr/bin/jfuse-iso
/usr/bin/jfuse-cdfs
/usr/bin/jfshare
/usr/bin/jcp
/usr/bin/jmv
/usr/bin/jrm
/usr/bin/jver
/usr/bin/jimgconvert
/usr/lib/jfnative32.so
